TN:
SF:src/common/error/BadRequestError.ts
FN:4,(anonymous_0)
FNF:1
FNH:1
FNDA:5,(anonymous_0)
DA:1,3
DA:3,3
DA:5,5
LF:3
LH:3
BRDA:4,0,0,0
BRF:1
BRH:0
end_of_record
TN:
SF:src/common/error/DefaultError.ts
FN:4,(anonymous_0)
FNF:1
FNH:1
FNDA:7,(anonymous_0)
DA:1,4
DA:5,7
DA:7,7
LF:3
LH:3
BRF:0
BRH:0
end_of_record
TN:
SF:src/common/error/NotFoundError.ts
FN:4,(anonymous_0)
FNF:1
FNH:1
FNDA:2,(anonymous_0)
DA:1,2
DA:3,2
DA:5,2
LF:3
LH:3
BRDA:4,0,0,0
BRF:1
BRH:0
end_of_record
TN:
SF:src/modules/users/helpers/HashStrategy.ts
FN:9,(anonymous_7)
FN:13,(anonymous_9)
FNF:2
FNH:2
FNDA:8,(anonymous_7)
FNDA:4,(anonymous_9)
DA:1,3
DA:8,3
DA:10,8
DA:14,4
LF:4
LH:4
BRF:0
BRH:0
end_of_record
TN:
SF:src/modules/users/infra/inMemory/repositories/UsersRepository.ts
FN:6,(anonymous_7)
FN:9,(anonymous_8)
FN:20,(anonymous_10)
FN:22,(anonymous_12)
FN:35,(anonymous_13)
FN:36,(anonymous_15)
FN:41,(anonymous_16)
FN:42,(anonymous_18)
FNF:8
FNH:8
FNDA:14,(anonymous_7)
FNDA:13,(anonymous_8)
FNDA:3,(anonymous_10)
FNDA:3,(anonymous_12)
FNDA:10,(anonymous_13)
FNDA:9,(anonymous_15)
FNDA:10,(anonymous_16)
FNDA:7,(anonymous_18)
DA:6,4
DA:7,14
DA:10,13
DA:15,13
DA:17,13
DA:21,3
DA:22,3
DA:25,3
DA:30,3
DA:32,3
DA:36,10
DA:38,10
DA:42,10
DA:44,10
LF:14
LH:14
BRDA:36,0,0,8
BRDA:36,0,1,2
BRDA:36,1,0,10
BRDA:36,1,1,10
BRDA:42,2,0,4
BRDA:42,2,1,6
BRDA:42,3,0,10
BRDA:42,3,1,10
BRF:8
BRH:8
end_of_record
TN:
SF:src/modules/users/infra/typeorm/entities/UserEntity.ts
FNF:0
FNH:0
DA:1,0
DA:6,0
DA:8,0
DA:11,0
DA:14,0
LF:5
LH:0
BRF:0
BRH:0
end_of_record
TN:
SF:src/modules/users/infra/typeorm/repositories/UsersRepository.ts
FN:16,(anonymous_7)
FN:20,(anonymous_8)
FN:26,(anonymous_10)
FN:30,(anonymous_12)
FN:34,(anonymous_14)
FNF:5
FNH:0
FNDA:0,(anonymous_7)
FNDA:0,(anonymous_8)
FNDA:0,(anonymous_10)
FNDA:0,(anonymous_12)
FNDA:0,(anonymous_14)
DA:3,0
DA:8,0
DA:13,0
DA:17,0
DA:21,0
DA:23,0
DA:27,0
DA:31,0
DA:35,0
LF:9
LH:0
BRF:0
BRH:0
end_of_record
TN:
SF:src/modules/users/services/AuthenticateService.ts
FN:13,(anonymous_11)
FN:18,(anonymous_12)
FNF:2
FNH:2
FNDA:3,(anonymous_11)
FNDA:3,(anonymous_12)
DA:1,1
DA:7,1
DA:8,1
DA:9,1
DA:12,1
DA:15,3
DA:22,3
DA:24,3
DA:25,1
DA:28,2
DA:33,2
DA:34,1
DA:37,1
DA:44,1
LF:14
LH:14
BRDA:24,0,0,1
BRDA:33,1,0,1
BRF:2
BRH:2
end_of_record
TN:
SF:src/modules/users/services/CreateUserService.ts
FN:10,(anonymous_11)
FN:15,(anonymous_12)
FNF:2
FNH:2
FNDA:3,(anonymous_11)
FNDA:4,(anonymous_12)
DA:1,1
DA:4,1
DA:5,1
DA:9,1
DA:12,3
DA:19,4
DA:21,4
DA:22,1
DA:25,3
DA:27,3
DA:32,3
LF:11
LH:11
BRDA:21,0,0,1
BRF:1
BRH:1
end_of_record
TN:
SF:src/modules/users/services/GetUserService.ts
FN:8,(anonymous_11)
FN:13,(anonymous_12)
FNF:2
FNH:2
FNDA:2,(anonymous_11)
FNDA:2,(anonymous_12)
DA:1,1
DA:3,1
DA:7,1
DA:10,2
DA:14,2
DA:16,2
DA:17,1
DA:20,1
LF:8
LH:8
BRDA:16,0,0,1
BRF:1
BRH:1
end_of_record
TN:
SF:src/modules/users/services/UpdateUserService.ts
FN:11,(anonymous_11)
FN:16,(anonymous_12)
FNF:2
FNH:2
FNDA:6,(anonymous_11)
FNDA:6,(anonymous_12)
DA:1,1
DA:4,1
DA:5,1
DA:6,1
DA:10,1
DA:13,6
DA:22,6
DA:24,6
DA:25,1
DA:28,5
DA:29,3
DA:31,3
DA:32,1
DA:36,4
DA:37,3
DA:39,3
DA:40,1
DA:43,2
DA:46,3
DA:52,3
LF:20
LH:20
BRDA:24,0,0,1
BRDA:28,1,0,3
BRDA:31,2,0,1
BRDA:36,3,0,3
BRDA:39,4,0,1
BRF:5
BRH:5
end_of_record
